<?xml version="1.0" encoding="UTF-8"?>
<!-- Generated by org.testng.reporters.JUnitXMLReporter -->
<testsuite ignored="0" hostname="ddbddfdddafdbba328803427caecbadcceedcdfone-0" failures="0" tests="3" name="Surefire test" time="85.813" errors="0" timestamp="2025-06-18T14:03:46 UTC">
  <testcase classname="runner.AppTest" name="test1" time="9.974"/>
  <testcase classname="runner.AppTest" name="test2" time="4.589"/>
  <testcase classname="runner.AppTest" name="test3" time="8.479"/>
</testsuite> <!-- Surefire test -->
