<?xml version="1.0" encoding="UTF-8"?>
<testsuite xmlns:xsi="http://www.w3.org/2001/XMLSchema-instance" xsi:noNamespaceSchemaLocation="https://maven.apache.org/surefire/maven-surefire-plugin/xsd/surefire-test-report.xsd" name="runner.AppTest" time="88.494" tests="3" errors="0" skipped="0" failures="0">
  <properties>
[...]
</properties>
  <testcase name="test1" classname="runner.AppTest" time="9.975"/>
  <testcase name="test2" classname="runner.AppTest" time="4.588"/>
  <testcase name="test3" classname="runner.AppTest" time="8.48"/>
</testsuite>