<?xml version="1.0" encoding="UTF-8"?>
<testng-results ignored="0" total="3" passed="3" failed="0" skipped="0">
  <reporter-output>
  </reporter-output>
  <suite started-at="2025-06-18T14:02:20 UTC" name="Surefire suite" finished-at="2025-06-18T14:03:46 UTC" duration-ms="85813">
    <groups>
    </groups>
    <test started-at="2025-06-18T14:02:20 UTC" name="Surefire test" finished-at="2025-06-18T14:03:46 UTC" duration-ms="85813">
      <class name="runner.AppTest">
        <test-method is-config="true" signature="generateReport()[pri:0, instance:runner.AppTest@769f71a9]" started-at="2025-06-18T14:02:19 UTC" name="generateReport" finished-at="2025-06-18T14:02:20 UTC" duration-ms="995" status="PASS">
          <reporter-output>
          </reporter-output>
        </test-method> <!-- generateReport -->
        <test-method is-config="true" signature="setUp()[pri:0, instance:runner.AppTest@769f71a9]" started-at="2025-06-18T14:02:20 UTC" name="setUp" finished-at="2025-06-18T14:02:31 UTC" duration-ms="10085" status="PASS">
          <reporter-output>
          </reporter-output>
        </test-method> <!-- setUp -->
        <test-method signature="test1()[pri:0, instance:runner.AppTest@769f71a9]" started-at="2025-06-18T14:02:31 UTC" name="test1" finished-at="2025-06-18T14:02:41 UTC" duration-ms="9974" status="PASS">
          <reporter-output>
          </reporter-output>
        </test-method> <!-- test1 -->
        <test-method is-config="true" signature="tearDown()[pri:0, instance:runner.AppTest@769f71a9]" started-at="2025-06-18T14:02:41 UTC" name="tearDown" finished-at="2025-06-18T14:02:41 UTC" duration-ms="249" status="PASS">
          <reporter-output>
          </reporter-output>
        </test-method> <!-- tearDown -->
        <test-method is-config="true" signature="setUp()[pri:0, instance:runner.AppTest@769f71a9]" started-at="2025-06-18T14:02:41 UTC" name="setUp" finished-at="2025-06-18T14:03:26 UTC" duration-ms="45359" status="PASS">
          <reporter-output>
          </reporter-output>
        </test-method> <!-- setUp -->
        <test-method signature="test2()[pri:0, instance:runner.AppTest@769f71a9]" started-at="2025-06-18T14:03:26 UTC" name="test2" finished-at="2025-06-18T14:03:31 UTC" duration-ms="4589" status="PASS">
          <reporter-output>
          </reporter-output>
        </test-method> <!-- test2 -->
        <test-method is-config="true" signature="tearDown()[pri:0, instance:runner.AppTest@769f71a9]" started-at="2025-06-18T14:03:31 UTC" name="tearDown" finished-at="2025-06-18T14:03:31 UTC" duration-ms="329" status="PASS">
          <reporter-output>
          </reporter-output>
        </test-method> <!-- tearDown -->
        <test-method is-config="true" signature="setUp()[pri:0, instance:runner.AppTest@769f71a9]" started-at="2025-06-18T14:03:31 UTC" name="setUp" finished-at="2025-06-18T14:03:37 UTC" duration-ms="6398" status="PASS">
          <reporter-output>
          </reporter-output>
        </test-method> <!-- setUp -->
        <test-method signature="test3()[pri:0, instance:runner.AppTest@769f71a9]" started-at="2025-06-18T14:03:37 UTC" name="test3" finished-at="2025-06-18T14:03:46 UTC" duration-ms="8479" status="PASS">
          <reporter-output>
          </reporter-output>
        </test-method> <!-- test3 -->
        <test-method is-config="true" signature="tearDown()[pri:0, instance:runner.AppTest@769f71a9]" started-at="2025-06-18T14:03:46 UTC" name="tearDown" finished-at="2025-06-18T14:03:46 UTC" duration-ms="313" status="PASS">
          <reporter-output>
          </reporter-output>
        </test-method> <!-- tearDown -->
        <test-method is-config="true" signature="flushReport()[pri:0, instance:runner.AppTest@769f71a9]" started-at="2025-06-18T14:03:46 UTC" name="flushReport" finished-at="2025-06-18T14:03:47 UTC" duration-ms="586" status="PASS">
          <reporter-output>
          </reporter-output>
        </test-method> <!-- flushReport -->
      </class> <!-- runner.AppTest -->
    </test> <!-- Surefire test -->
  </suite> <!-- Surefire suite -->
</testng-results>
